‚ûø example_1_rugby_tips starting...
   Mode: full

================================================================================
 Step 1 of 4: [R]EFLECT
================================================================================
  Reflecting...
  [i]  No prior domain learnings (fresh start)

   ‚úì Completed at 0.2s

================================================================================
 Step 2 of 4: [A]CT
================================================================================
  Acting...
  [‚Ä¢] Enhanced markdown saved to learnings/current_state/ravl_loop_enhanced.md
  [‚Ä¢] Custom code required - complex operations in loop spec
  [‚Ä¢] Inferring DSL from specification...
  [‚Ä¢] Generating code (attempt 1)...
  [‚Ä¢] Custom code required - complex operations in loop spec
  [‚Ä¢] Generated code detected - executing...
Traceback (most recent call last):
  File "/var/folders/08/hhrtbr516wz14jbwx3yngdgr0000gn/T/tmp6gzct1yl.py", line 44, in <module>
    response.raise_for_status()
  File "/Users/sand-mbp-002/Source/kevintrethewey.com/.ravl/venv/lib/python3.12/site-packages/requests/models.py", line 1021, in raise_for_status
    raise HTTPError(http_error_msg, response=self)
requests.exceptions.HTTPError: 404 Client Error: Not Found for url: https://www.espn.com/rugby/team/fixtures-results/_/id/20/south-africa
  [‚úó] Code execution failed: Traceback (most recent call last):
  File "/var/folders/08/hhrtbr516wz14jbwx3yngdgr0000gn/T/tmp6gzct
  [‚úì] Code generated and executed

   ‚úì Completed at 65.7s

================================================================================
 Phase 3 of 4: [V]ERIFY
================================================================================
  Verifying...
  [‚úó] Code execution failed
      [i] Error:   File "/Users/sand-mbp-002/Source/kev
  [‚úì] Verification complete
  [‚Ä¢] Custom code required - complex operations in loop spec

   ‚úì Completed at 79.9s

================================================================================
 Step 4 of 4: [L]EARN
================================================================================
  Learning...
  [‚Ä¢] Synthesizing insights from full run...
  [‚úì] Run insights synthesized
  [‚úì] Learning saved to execution_learning/ and loop_learning/

   ‚úì Completed at 103.8s

================================================================================
‚ö†Ô∏è VERIFICATION FAILED
================================================================================
   The loop ran but didn't meet all verification criteria.

   üìã Verification Details:
      ‚úó [1] `./output/springboks-results.json` exists and contains game results with scores, scorers, and individual player performance analysis
          The code execution failed with a 404 HTTP error when attempting to fetch data from ESPN. The error o...
      ‚úó [2] Any new or missing Springbok games have been added to `./output/springboks-results.json`
          Since the file was not created due to execution failure, no games could be added. The code failed du...
      ‚úó [3] If a more recent game was detected than previously recorded, a new file `./output/springbok-coach-tips-YYYY-MMM-DD.md` exists with today's date containing exactly 3 coaching suggestions for Rassie based on the most recent information
          No coaching tips file was created because execution failed before the code could determine if new ga...
      ‚úó [4] If no more recent game was detected than previously recorded, no new coaching tips file was created
          Cannot verify this criterion as execution failed before the logic to detect new games could run. The...

   Understand config and get diagnostic suggestions:
     ravl example_1_rugby_tips --show-config # shows settings
     ravl example_1_rugby_tips --show-execution # shows execution steps
     ravl --loop-health example_1_rugby_tips # loop agentic health
     ravl --execution-health example_1_rugby_tips # loop execution health


================================================================================
üèÅ example_1_rugby_tips completed with errors
================================================================================
   Duration: 103.8s
   Output: N/A
================================================================================
